2022-08-06 00:27:48,609 INFO add listener: com.alibaba.nacos.naming.iplist.public##DEFAULT_GROUP@@service-edu

2022-08-06 00:27:48,609 INFO add listener: com.alibaba.nacos.naming.iplist.public##DEFAULT_GROUP@@service-edu

2022-08-06 09:25:54,271 INFO raft peers changed: [Member{ip='192.168.43.144', port=8848, state=UP, extendInfo={raftPort=7848}}]

2022-08-06 09:25:54,300 INFO initializing Raft sub-system

2022-08-06 09:25:54,300 INFO finish loading all datums, size: 0 cost 0 ms.

2022-08-06 09:25:54,310 INFO cache loaded, datum count: 0, current term: 0

2022-08-06 09:25:54,310 INFO finish to load data from disk, cost: 10 ms.

2022-08-06 09:25:54,312 INFO timer started: leader timeout ms: 15000, heart-beat timeout ms: 5000

2022-08-06 09:25:54,961 INFO add listener: com.alibaba.nacos.naming.domains.meta.00-00---000-NACOS_SWITCH_DOMAIN-000---00-00

2022-08-06 09:25:54,981 INFO add listener: com.alibaba.nacos.naming.domains.meta.

2022-08-06 09:25:59,250 WARN start to close old raft protocol!!!

2022-08-06 09:25:59,250 WARN stop old raft protocol task for notifier

2022-08-06 09:25:59,250 WARN stop old raft protocol task for master task

2022-08-06 09:25:59,250 WARN stop old raft protocol task for heartbeat task

2022-08-06 09:25:59,250 WARN clean old cache datum for old raft

2022-08-06 09:25:59,250 WARN start to close old raft protocol!!!

2022-08-06 09:25:59,250 WARN stop old raft protocol task for notifier

2022-08-06 09:25:59,250 WARN stop old raft protocol task for master task

2022-08-06 09:25:59,250 WARN stop old raft protocol task for heartbeat task

2022-08-06 09:25:59,250 WARN clean old cache datum for old raft

2022-08-06 09:25:59,250 WARN start to move old raft protocol metadata

2022-08-06 09:25:59,252 WARN start to move old raft protocol metadata

2022-08-06 09:25:59,252 INFO raft peers changed: [Member{ip='192.168.43.144', port=8848, state=UP, extendInfo={lastRefreshTime=1659749159252, raftPort=7848, version=1.4.3}}]

2022-08-06 09:27:21,169 INFO add listener: com.alibaba.nacos.naming.iplist.public##DEFAULT_GROUP@@service-edu

2022-08-06 09:27:21,169 INFO add listener: com.alibaba.nacos.naming.iplist.public##DEFAULT_GROUP@@service-edu

2022-08-06 09:27:21,606 INFO add listener: com.alibaba.nacos.naming.iplist.public##DEFAULT_GROUP@@service-oss

2022-08-06 09:27:21,606 INFO add listener: com.alibaba.nacos.naming.iplist.public##DEFAULT_GROUP@@service-oss

2022-08-06 14:38:52,684 INFO raft peers changed: [Member{ip='192.168.43.144', port=8848, state=UP, extendInfo={raftPort=7848}}]

2022-08-06 14:38:52,705 INFO initializing Raft sub-system

2022-08-06 14:38:52,705 INFO finish loading all datums, size: 0 cost 0 ms.

2022-08-06 14:38:52,715 INFO cache loaded, datum count: 0, current term: 0

2022-08-06 14:38:52,715 INFO finish to load data from disk, cost: 10 ms.

2022-08-06 14:38:52,717 INFO timer started: leader timeout ms: 15000, heart-beat timeout ms: 5000

2022-08-06 14:38:53,384 INFO add listener: com.alibaba.nacos.naming.domains.meta.00-00---000-NACOS_SWITCH_DOMAIN-000---00-00

2022-08-06 14:38:53,402 INFO add listener: com.alibaba.nacos.naming.domains.meta.

2022-08-06 14:38:54,299 INFO leader timeout, start voting,leader: {"ip":"192.168.43.144:8848","term":0,"leaderDueMs":19150,"heartbeatDueMs":5000,"state":"FOLLOWER"}, term: 0

2022-08-06 14:38:55,618 INFO add listener: com.alibaba.nacos.naming.iplist.public##DEFAULT_GROUP@@service-edu

2022-08-06 14:38:57,660 WARN start to close old raft protocol!!!

2022-08-06 14:38:57,660 WARN stop old raft protocol task for notifier

2022-08-06 14:38:57,660 WARN stop old raft protocol task for master task

2022-08-06 14:38:57,660 WARN stop old raft protocol task for heartbeat task

2022-08-06 14:38:57,660 WARN clean old cache datum for old raft

2022-08-06 14:38:57,660 WARN start to close old raft protocol!!!

2022-08-06 14:38:57,660 WARN stop old raft protocol task for notifier

2022-08-06 14:38:57,660 WARN stop old raft protocol task for master task

2022-08-06 14:38:57,660 WARN stop old raft protocol task for heartbeat task

2022-08-06 14:38:57,660 WARN clean old cache datum for old raft

2022-08-06 14:38:57,660 WARN start to move old raft protocol metadata

2022-08-06 14:38:57,664 WARN start to move old raft protocol metadata

2022-08-06 14:38:57,665 INFO raft peers changed: [Member{ip='192.168.43.144', port=8848, state=UP, extendInfo={lastRefreshTime=1659767937664, raftPort=7848, version=1.4.3}}]

