2022-08-06 00:02:59,099 INFO PERFORMANCE:|0|0|-1|-1

2022-08-06 00:07:59,107 INFO PERFORMANCE:|0|0|-1|-1

2022-08-06 00:12:59,118 INFO PERFORMANCE:|0|0|-1|-1

2022-08-06 00:17:59,134 INFO PERFORMANCE:|0|0|-1|-1

2022-08-06 00:22:59,136 INFO PERFORMANCE:|0|0|-1|-1

2022-08-06 00:27:59,139 INFO PERFORMANCE:|1|1|-1|-1

2022-08-06 00:32:59,145 INFO PERFORMANCE:|1|1|-1|-1

2022-08-06 00:37:59,146 INFO PERFORMANCE:|1|1|-1|-1

2022-08-06 00:42:59,160 INFO PERFORMANCE:|1|1|-1|-1

2022-08-06 09:26:26,232 INFO PERFORMANCE:|0|0|-1|-1

2022-08-06 09:31:26,238 INFO PERFORMANCE:|2|2|-1|-1

2022-08-06 09:36:26,246 INFO PERFORMANCE:|2|2|-1|-1

2022-08-06 09:41:26,256 INFO PERFORMANCE:|2|2|-1|-1

2022-08-06 09:46:26,261 INFO PERFORMANCE:|2|2|-1|-1

2022-08-06 09:51:26,272 INFO PERFORMANCE:|2|2|-1|-1

2022-08-06 09:56:26,276 INFO PERFORMANCE:|2|2|-1|-1

2022-08-06 10:01:26,287 INFO PERFORMANCE:|2|2|-1|-1

2022-08-06 10:06:26,298 INFO PERFORMANCE:|2|2|-1|-1

2022-08-06 10:11:26,306 INFO PERFORMANCE:|2|2|-1|-1

2022-08-06 10:16:26,313 INFO PERFORMANCE:|2|2|-1|-1

2022-08-06 10:21:26,320 INFO PERFORMANCE:|2|2|-1|-1

2022-08-06 10:26:26,330 INFO PERFORMANCE:|2|2|-1|-1

2022-08-06 10:31:26,332 INFO PERFORMANCE:|2|2|-1|-1

2022-08-06 10:36:26,339 INFO PERFORMANCE:|2|2|-1|-1

2022-08-06 10:41:26,354 INFO PERFORMANCE:|2|2|-1|-1

2022-08-06 10:46:26,356 INFO PERFORMANCE:|2|2|-1|-1

2022-08-06 10:51:26,359 INFO PERFORMANCE:|2|2|-1|-1

2022-08-06 10:56:26,365 INFO PERFORMANCE:|2|2|-1|-1

2022-08-06 11:01:26,379 INFO PERFORMANCE:|2|2|-1|-1

2022-08-06 11:06:26,380 INFO PERFORMANCE:|2|2|-1|-1

2022-08-06 11:11:26,388 INFO PERFORMANCE:|2|2|-1|-1

2022-08-06 11:16:26,401 INFO PERFORMANCE:|2|2|-1|-1

2022-08-06 11:21:26,413 INFO PERFORMANCE:|2|2|-1|-1

2022-08-06 11:26:26,417 INFO PERFORMANCE:|2|2|-1|-1

2022-08-06 11:31:26,428 INFO PERFORMANCE:|2|2|-1|-1

2022-08-06 11:36:26,429 INFO PERFORMANCE:|2|2|-1|-1

2022-08-06 11:41:26,433 INFO PERFORMANCE:|2|2|-1|-1

2022-08-06 11:46:26,443 INFO PERFORMANCE:|2|2|-1|-1

2022-08-06 11:51:26,446 INFO PERFORMANCE:|2|2|-1|-1

2022-08-06 11:56:26,448 INFO PERFORMANCE:|2|2|-1|-1

2022-08-06 12:01:26,462 INFO PERFORMANCE:|2|2|-1|-1

2022-08-06 12:06:26,473 INFO PERFORMANCE:|2|2|-1|-1

2022-08-06 12:11:26,476 INFO PERFORMANCE:|2|2|-1|-1

2022-08-06 12:16:26,487 INFO PERFORMANCE:|2|2|-1|-1

2022-08-06 12:21:26,488 INFO PERFORMANCE:|2|2|-1|-1

2022-08-06 12:26:26,501 INFO PERFORMANCE:|2|2|-1|-1

2022-08-06 12:31:26,510 INFO PERFORMANCE:|2|2|-1|-1

2022-08-06 12:36:26,523 INFO PERFORMANCE:|2|2|-1|-1

2022-08-06 12:41:26,538 INFO PERFORMANCE:|2|2|-1|-1

2022-08-06 12:46:26,539 INFO PERFORMANCE:|2|2|-1|-1

2022-08-06 12:51:26,546 INFO PERFORMANCE:|2|2|-1|-1

2022-08-06 12:56:26,554 INFO PERFORMANCE:|2|2|-1|-1

2022-08-06 13:01:26,567 INFO PERFORMANCE:|2|2|-1|-1

2022-08-06 13:06:26,571 INFO PERFORMANCE:|2|2|-1|-1

2022-08-06 13:11:26,582 INFO PERFORMANCE:|2|2|-1|-1

2022-08-06 13:16:26,593 INFO PERFORMANCE:|2|2|-1|-1

2022-08-06 13:21:26,601 INFO PERFORMANCE:|2|2|-1|-1

2022-08-06 13:26:26,610 INFO PERFORMANCE:|2|2|-1|-1

2022-08-06 13:31:26,620 INFO PERFORMANCE:|2|2|-1|-1

2022-08-06 13:36:26,627 INFO PERFORMANCE:|2|2|-1|-1

2022-08-06 13:41:26,630 INFO PERFORMANCE:|2|2|-1|-1

2022-08-06 13:46:26,636 INFO PERFORMANCE:|2|2|-1|-1

2022-08-06 13:51:26,641 INFO PERFORMANCE:|2|2|-1|-1

2022-08-06 13:56:26,641 INFO PERFORMANCE:|2|2|-1|-1

2022-08-06 14:01:26,652 INFO PERFORMANCE:|2|2|-1|-1

2022-08-06 14:06:26,664 INFO PERFORMANCE:|2|2|-1|-1

2022-08-06 14:11:26,671 INFO PERFORMANCE:|2|2|-1|-1

2022-08-06 14:16:26,673 INFO PERFORMANCE:|2|2|-1|-1

2022-08-06 14:21:26,683 INFO PERFORMANCE:|2|2|-1|-1

2022-08-06 14:26:26,696 INFO PERFORMANCE:|2|2|-1|-1

2022-08-06 14:39:24,033 INFO PERFORMANCE:|1|1|-1|-1

2022-08-06 14:44:24,039 INFO PERFORMANCE:|1|1|-1|-1

2022-08-06 14:49:24,045 INFO PERFORMANCE:|1|1|-1|-1

2022-08-06 14:54:24,047 INFO PERFORMANCE:|1|1|-1|-1

2022-08-06 14:59:24,048 INFO PERFORMANCE:|1|1|-1|-1

2022-08-06 15:04:24,051 INFO PERFORMANCE:|1|1|-1|-1

2022-08-06 15:09:24,056 INFO PERFORMANCE:|1|1|-1|-1

2022-08-06 15:14:24,070 INFO PERFORMANCE:|1|1|-1|-1

2022-08-06 15:19:24,083 INFO PERFORMANCE:|1|1|-1|-1

2022-08-06 15:24:24,096 INFO PERFORMANCE:|1|1|-1|-1

